action: linting, msg: getenv
cwd: /Users/harnold/Repos/rac_es
cmd: /Users/harnold/Repos/rac_es/.tox/linting/bin/python -m pip install pre-commit
Collecting pre-commit
  Downloading https://files.pythonhosted.org/packages/fc/70/b162b8e15689427006853a245b45040435534a568cc773be098bfaebd36d/pre_commit-2.4.0-py2.py3-none-any.whl (171kB)
Collecting identify>=1.0.0
  Using cached https://files.pythonhosted.org/packages/7d/98/a12d46a16a5eaa1978863fd74ac4e197c421b2bfbd6152e70b4b55fa77c8/identify-1.4.15-py2.py3-none-any.whl
Processing /Users/harnold/Library/Caches/pip/wheels/a7/c1/ea/cf5bd31012e735dc1dfea3131a2d5eae7978b251083d6247bd/PyYAML-5.3.1-cp37-cp37m-macosx_10_14_x86_64.whl
Collecting virtualenv>=20.0.8
  Downloading https://files.pythonhosted.org/packages/57/6e/a13442adf18bada682f88f55638cd43cc7a39c3e00fdcf898ca4ceaeb682/virtualenv-20.0.21-py2.py3-none-any.whl (4.7MB)
Collecting cfgv>=2.0.0
  Using cached https://files.pythonhosted.org/packages/6d/82/49913e721128ff16d6b7cf304f513de7bba698583b045dfb9c4b3bb2f467/cfgv-3.1.0-py2.py3-none-any.whl
Collecting toml
  Downloading https://files.pythonhosted.org/packages/9f/e1/1b40b80f2e1663a6b9f497123c11d7d988c0919abbf3c3f2688e448c5363/toml-0.10.1-py2.py3-none-any.whl
Collecting nodeenv>=0.11.1
  Using cached https://files.pythonhosted.org/packages/08/43/86ff33286c83f7b5e8903c32db01fe122c5e8a9d8dc1067dcaa9be54a033/nodeenv-1.3.5-py2.py3-none-any.whl
Collecting importlib-metadata; python_version < "3.8"
  Using cached https://files.pythonhosted.org/packages/ad/e4/891bfcaf868ccabc619942f27940c77a8a4b45fd8367098955bb7e152fb1/importlib_metadata-1.6.0-py2.py3-none-any.whl
Collecting six<2,>=1.9.0
  Downloading https://files.pythonhosted.org/packages/ee/ff/48bde5c0f013094d729fe4b0316ba2a24774b3ff1c52d924a8a4cb04078a/six-1.15.0-py2.py3-none-any.whl
Collecting appdirs<2,>=1.4.3
  Downloading https://files.pythonhosted.org/packages/3b/00/2344469e2084fb287c2e0b57b72910309874c3245463acd6cf5e3db69324/appdirs-1.4.4-py2.py3-none-any.whl
Collecting filelock<4,>=3.0.0
  Using cached https://files.pythonhosted.org/packages/93/83/71a2ee6158bb9f39a90c0dea1637f81d5eef866e188e1971a1b1ab01a35a/filelock-3.0.12-py3-none-any.whl
Processing /Users/harnold/Library/Caches/pip/wheels/6e/e8/db/c73dae4867666e89ba3cfbc4b5c092446f0e584eda6f409cbb/distlib-0.3.0-cp37-none-any.whl
Collecting zipp>=0.5
  Using cached https://files.pythonhosted.org/packages/b2/34/bfcb43cc0ba81f527bc4f40ef41ba2ff4080e047acb0586b56b3d017ace4/zipp-3.1.0-py3-none-any.whl
Installing collected packages: identify, pyyaml, six, zipp, importlib-metadata, appdirs, filelock, distlib, virtualenv, cfgv, toml, nodeenv, pre-commit
Successfully installed appdirs-1.4.4 cfgv-3.1.0 distlib-0.3.0 filelock-3.0.12 identify-1.4.15 importlib-metadata-1.6.0 nodeenv-1.3.5 pre-commit-2.4.0 pyyaml-5.3.1 six-1.15.0 toml-0.10.1 virtualenv-20.0.21 zipp-3.1.0
WARNING: You are using pip version 19.3.1; however, version 20.1.1 is available.
You should consider upgrading via the 'pip install --upgrade pip' command.
